Content-Type: multipart/alternative;
 boundary="===============9017070238196848375=="
MIME-Version: 1.0
Subject: =?utf-8?b?566A5qGj5r+A5rS7?=
From: test@example.com
To: 1506101307@qq.com
Date: Wed, 25 Oct 2023 06:31:38 -0000
Message-ID: <169821549811.5352.11730265546516989103@DESKTOP-NQ03EA8>

--===============9017070238196848375==
Content-Type: text/plain; charset="utf-8"
MIME-Version: 1.0
Content-Transfer-Encoding: 8bit



若要激活你的账号，请访问以下链接：

http://127.0.0.1:8000/accounts/activate/RXAjOx9LMqFAIWizYkba/

--===============9017070238196848375==
Content-Type: text/html; charset="utf-8"
MIME-Version: 1.0
Content-Transfer-Encoding: 8bit



<!DOCTYPE html PUBLIC "-//W3C//DTD XHTML 1.0 Transitional//EN"
        "http://www.w3.org/TR/xhtml1/DTD/xhtml1-transitional.dtd">
<html xmlns="http://www.w3.org/1999/xhtml">
<head>
    <meta http-equiv="Content-Type" content="text/html; charset=UTF-8"/>
    <title>简档激活</title>
    <meta name="viewport" content="width=device-width, initial-scale=1.0"/>
</head>

<body>

<p>
    若要激活你的账号，请访问以下链接：
</p>

<p>
    <a href="http://127.0.0.1:8000/accounts/activate/RXAjOx9LMqFAIWizYkba/">http://127.0.0.1:8000/accounts/activate/RXAjOx9LMqFAIWizYkba/</a>
</p>

</body>

</html>

--===============9017070238196848375==--

-------------------------------------------------------------------------------
